C51 COMPILER V9.60.0.0   DELAY                                                             06/06/2020 10:29:44 PAGE 1   


C51 COMPILER V9.60.0.0, COMPILATION OF MODULE DELAY
OBJECT MODULE PLACED IN .\Objects\delay.obj
COMPILER INVOKED BY: C:\Program Files\Keil\C51\C51\BIN\C51.EXE User\Src\delay.c OMF2 OPTIMIZE(8,SPEED) BROWSE INCDIR(.\U
                    -ser\Inc;.\Drivers\Inc;.\USB\Inc) DEBUG PRINT(.\Listings\delay.lst) TABS(2) OBJECT(.\Objects\delay.obj)

line level    source

   1          // Written By : Thanh Tung
   2          // E-Mail     : electricthanhtung@gmail.com
   3          // Facebook   : https://www.facebook.com/electricthanhtung
   4          
   5          #include "main.h"
   6          
   7          void delay_us(unsigned int time){
   8   1        while(time--){
   9   2          _nop_(); _nop_();
  10   2          _nop_(); _nop_();
  11   2          _nop_(); _nop_();
  12   2          _nop_(); _nop_();
  13   2          _nop_(); _nop_();
  14   2          _nop_(); _nop_();
  15   2          _nop_(); _nop_();
  16   2          _nop_(); _nop_();
  17   2        }
  18   1      }
  19          
  20          void delay_ms(unsigned int time){
  21   1        while(time--)
  22   1          delay_us(999);
  23   1      }


MODULE INFORMATION:   STATIC OVERLAYABLE
   CODE SIZE        =     53    ----
   CONSTANT SIZE    =   ----    ----
   XDATA SIZE       =   ----    ----
   PDATA SIZE       =   ----    ----
   DATA SIZE        =   ----    ----
   IDATA SIZE       =   ----    ----
   BIT SIZE         =   ----    ----
   EDATA SIZE       =   ----    ----
   HDATA SIZE       =   ----    ----
   XDATA CONST SIZE =   ----    ----
   FAR CONST SIZE   =   ----    ----
END OF MODULE INFORMATION.


C51 COMPILATION COMPLETE.  0 WARNING(S),  0 ERROR(S)
