C51 COMPILER V9.59.0.0   MAIN                                                              08/17/2019 17:10:05 PAGE 1   


C51 COMPILER V9.59.0.0, COMPILATION OF MODULE MAIN
OBJECT MODULE PLACED IN .\Objects\main.obj
COMPILER INVOKED BY: C:\Program Files\Keil C\C51\C51\BIN\C51.EXE User\Src\main.c OMF2 OPTIMIZE(8,SPEED) BROWSE INCDIR(.\
                    -User\Inc;.\Drivers\Inc;.\USB\Inc) DEBUG PRINT(.\Listings\main.lst) TABS(2) OBJECT(.\Objects\main.obj)

line level    source

   1          
   2          // Written By     : Thanh Tung
   3          // E-Mail         : electricthanhtung@gmail.com
   4          // Facebook       : https://www.facebook.com/electricthanhtung
   5          
   6          // MCU            : STC8F Family
   7          // P3.0           : D-
   8          // P3.1 and P3.2  : D+
   9          // Frequency      : 27MHz
  10          
  11          #include "main.h"
  12          #include "usb.h"
  13          
  14          void USB_Received(unsigned char *buffer, unsigned char length) reentrant {
  15   1        
  16   1      }
*** WARNING C280 IN LINE 14 OF User\Src\main.c: 'buffer': unreferenced local variable
*** WARNING C280 IN LINE 14 OF User\Src\main.c: 'length': unreferenced local variable
  17          
  18          void main(){
  19   1        USB_Disconnect();
  20   1        delay_ms(50);
  21   1        USB_Init();
  22   1        while(1){
  23   2          PCON |= 0x01;     // CPU sleep
  24   2        }
  25   1      }


MODULE INFORMATION:   STATIC OVERLAYABLE
   CODE SIZE        =     47    ----
   CONSTANT SIZE    =   ----    ----
   XDATA SIZE       =   ----    ----
   PDATA SIZE       =   ----    ----
   DATA SIZE        =   ----    ----
   IDATA SIZE       =   ----    ----
   BIT SIZE         =   ----    ----
   EDATA SIZE       =   ----    ----
   HDATA SIZE       =   ----    ----
   XDATA CONST SIZE =   ----    ----
   FAR CONST SIZE   =   ----    ----
END OF MODULE INFORMATION.


C51 COMPILATION COMPLETE.  2 WARNING(S),  0 ERROR(S)
