C51 COMPILER V9.59.0.0   USB_IT                                                            08/14/2019 10:28:43 PAGE 1   


C51 COMPILER V9.59.0.0, COMPILATION OF MODULE USB_IT
OBJECT MODULE PLACED IN .\Objects\usb_it.obj
COMPILER INVOKED BY: C:\Program Files\Keil C\C51\C51\BIN\C51.EXE USB\Src\usb_it.c OMF2 OPTIMIZE(8,SPEED) BROWSE INCDIR(.
                    -\User\Inc;.\Drivers\Inc;.\USB\Inc) DEBUG PRINT(.\Listings\usb_it.lst) TABS(2) OBJECT(.\Objects\usb_it.obj)

line level    source

   1          
   2          // Written By : Thanh Tung
   3          // E-Mail     : electricthanhtung@gmail.com
   4          // Facebook   : https://www.facebook.com/electricthanhtung
   5          
   6          #include "main.h"
   7          
   8          void INT3_ISR() interrupt 0 {
   9   1        extern void usb_rx();
  10   1        EA = 0;
  11   1        usb_rx();
  12   1        IE0 = 0;
  13   1        EA = 1;
  14   1      }


MODULE INFORMATION:   STATIC OVERLAYABLE
   CODE SIZE        =     68    ----
   CONSTANT SIZE    =   ----    ----
   XDATA SIZE       =   ----    ----
   PDATA SIZE       =   ----    ----
   DATA SIZE        =   ----    ----
   IDATA SIZE       =   ----    ----
   BIT SIZE         =   ----    ----
   EDATA SIZE       =   ----    ----
   HDATA SIZE       =   ----    ----
   XDATA CONST SIZE =   ----    ----
   FAR CONST SIZE   =   ----    ----
END OF MODULE INFORMATION.


C51 COMPILATION COMPLETE.  0 WARNING(S),  0 ERROR(S)
